<?xml version="1.0" encoding="UTF-8"?>
<!-- Generated by org.testng.reporters.JUnitReportReporter -->
<testsuite skipped="0" hostname="DESKTOP-E47R17I" name="com.java.testng.youtube.UnderstandingTestNG" tests="1" failures="0" timestamp="31 Jul 2019 23:54:25 GMT" time="0.014" errors="0">
  <testcase name="testng" time="0.014" classname="com.java.testng.youtube.UnderstandingTestNG"/>
</testsuite> <!-- com.java.testng.youtube.UnderstandingTestNG -->
